2025-01-24 10:25 o.h.validator.internal.util.Version-HV000001: Hibernate Validator 6.2.5.Final
2025-01-24 10:25 com.example.board.BoardApplication-Starting BoardApplication using Java 11.0.25 on DESKTOP-JEE2860 with PID 22476 (C:\Users\Playdata\Downloads\board\board\board\build\classes\java\main started by Playdata in C:\Users\Playdata\Downloads\board\board\board)
2025-01-24 10:25 com.example.board.BoardApplication-The following 1 profile is active: "prod"
2025-01-24 10:25 o.s.d.r.c.RepositoryConfigurationDelegate-Bootstrapping Spring Data JPA repositories in DEFAULT mode.
2025-01-24 10:25 o.s.d.r.c.RepositoryConfigurationDelegate-Finished Spring Data repository scanning in 42 ms. Found 2 JPA repository interfaces.
2025-01-24 10:25 o.s.b.w.e.tomcat.TomcatWebServer-Tomcat initialized with port(s): 8080 (http)
2025-01-24 10:25 o.a.coyote.http11.Http11NioProtocol-Initializing ProtocolHandler ["http-nio-8080"]
2025-01-24 10:25 o.a.catalina.core.StandardService-Starting service [Tomcat]
2025-01-24 10:25 o.a.catalina.core.StandardEngine-Starting Servlet engine: [Apache Tomcat/9.0.74]
2025-01-24 10:25 o.a.c.c.C.[Tomcat].[localhost].[/]-Initializing Spring embedded WebApplicationContext
2025-01-24 10:25 o.s.b.w.s.c.ServletWebServerApplicationContext-Root WebApplicationContext: initialization completed in 1224 ms
2025-01-24 10:25 o.s.b.w.s.c.AnnotationConfigServletWebServerApplicationContext-Exception encountered during context initialization - cancelling refresh attempt: org.springframework.beans.factory.UnsatisfiedDependencyException: Error creating bean with name 'dataSourceScriptDatabaseInitializer' defined in class path resource [org/springframework/boot/autoconfigure/sql/init/DataSourceInitializationConfiguration.class]: Unsatisfied dependency expressed through method 'dataSourceScriptDatabaseInitializer' parameter 0; nested exception is org.springframework.beans.factory.BeanCreationException: Error creating bean with name 'dataSource' defined in class path resource [org/springframework/boot/autoconfigure/jdbc/DataSourceConfiguration$Hikari.class]: Bean instantiation via factory method failed; nested exception is org.springframework.beans.BeanInstantiationException: Failed to instantiate [com.zaxxer.hikari.HikariDataSource]: Factory method 'dataSource' threw exception; nested exception is org.springframework.boot.autoconfigure.jdbc.DataSourceProperties$DataSourceBeanCreationException: Failed to determine a suitable driver class
2025-01-24 10:25 o.a.catalina.core.StandardService-Stopping service [Tomcat]
2025-01-24 10:25 o.s.b.a.l.ConditionEvaluationReportLoggingListener-

Error starting ApplicationContext. To display the conditions report re-run your application with 'debug' enabled.
2025-01-24 10:25 o.s.b.d.LoggingFailureAnalysisReporter-

***************************
APPLICATION FAILED TO START
***************************

Description:

Failed to configure a DataSource: 'url' attribute is not specified and no embedded datasource could be configured.

Reason: Failed to determine a suitable driver class


Action:

Consider the following:
	If you want an embedded database (H2, HSQL or Derby), please put it on the classpath.
	If you have database settings to be loaded from a particular profile you may need to activate it (the profiles prod are currently active).

2025-01-24 10:34 o.h.validator.internal.util.Version-HV000001: Hibernate Validator 6.2.5.Final
2025-01-24 10:34 com.example.board.BoardApplication-Starting BoardApplication using Java 11.0.25 on DESKTOP-JEE2860 with PID 2692 (C:\Users\Playdata\Downloads\board\board\board\build\classes\java\main started by Playdata in C:\Users\Playdata\Downloads\board\board\board)
2025-01-24 10:34 com.example.board.BoardApplication-The following 1 profile is active: "prod"
2025-01-24 10:34 o.s.d.r.c.RepositoryConfigurationDelegate-Bootstrapping Spring Data JPA repositories in DEFAULT mode.
2025-01-24 10:34 o.s.d.r.c.RepositoryConfigurationDelegate-Finished Spring Data repository scanning in 34 ms. Found 2 JPA repository interfaces.
2025-01-24 10:34 o.s.b.w.e.tomcat.TomcatWebServer-Tomcat initialized with port(s): 8080 (http)
2025-01-24 10:34 o.a.coyote.http11.Http11NioProtocol-Initializing ProtocolHandler ["http-nio-8080"]
2025-01-24 10:34 o.a.catalina.core.StandardService-Starting service [Tomcat]
2025-01-24 10:34 o.a.catalina.core.StandardEngine-Starting Servlet engine: [Apache Tomcat/9.0.74]
2025-01-24 10:34 o.a.c.c.C.[Tomcat].[localhost].[/]-Initializing Spring embedded WebApplicationContext
2025-01-24 10:34 o.s.b.w.s.c.ServletWebServerApplicationContext-Root WebApplicationContext: initialization completed in 1071 ms
2025-01-24 10:34 o.s.b.w.s.c.AnnotationConfigServletWebServerApplicationContext-Exception encountered during context initialization - cancelling refresh attempt: org.springframework.beans.factory.UnsatisfiedDependencyException: Error creating bean with name 'dataSourceScriptDatabaseInitializer' defined in class path resource [org/springframework/boot/autoconfigure/sql/init/DataSourceInitializationConfiguration.class]: Unsatisfied dependency expressed through method 'dataSourceScriptDatabaseInitializer' parameter 0; nested exception is org.springframework.beans.factory.BeanCreationException: Error creating bean with name 'dataSource' defined in class path resource [org/springframework/boot/autoconfigure/jdbc/DataSourceConfiguration$Hikari.class]: Bean instantiation via factory method failed; nested exception is org.springframework.beans.BeanInstantiationException: Failed to instantiate [com.zaxxer.hikari.HikariDataSource]: Factory method 'dataSource' threw exception; nested exception is org.springframework.boot.autoconfigure.jdbc.DataSourceProperties$DataSourceBeanCreationException: Failed to determine a suitable driver class
2025-01-24 10:34 o.a.catalina.core.StandardService-Stopping service [Tomcat]
2025-01-24 10:34 o.s.b.a.l.ConditionEvaluationReportLoggingListener-

Error starting ApplicationContext. To display the conditions report re-run your application with 'debug' enabled.
2025-01-24 10:34 o.s.b.d.LoggingFailureAnalysisReporter-

***************************
APPLICATION FAILED TO START
***************************

Description:

Failed to configure a DataSource: 'url' attribute is not specified and no embedded datasource could be configured.

Reason: Failed to determine a suitable driver class


Action:

Consider the following:
	If you want an embedded database (H2, HSQL or Derby), please put it on the classpath.
	If you have database settings to be loaded from a particular profile you may need to activate it (the profiles prod are currently active).

2025-01-24 10:38 o.h.validator.internal.util.Version-HV000001: Hibernate Validator 6.2.5.Final
2025-01-24 10:38 com.example.board.BoardApplication-Starting BoardApplication using Java 11.0.25 on DESKTOP-JEE2860 with PID 20704 (C:\Users\Playdata\Downloads\board\board\board\build\classes\java\main started by Playdata in C:\Users\Playdata\Downloads\board\board\board)
2025-01-24 10:38 com.example.board.BoardApplication-The following 1 profile is active: "prod"
2025-01-24 10:38 o.s.d.r.c.RepositoryConfigurationDelegate-Bootstrapping Spring Data JPA repositories in DEFAULT mode.
2025-01-24 10:38 o.s.d.r.c.RepositoryConfigurationDelegate-Finished Spring Data repository scanning in 40 ms. Found 2 JPA repository interfaces.
2025-01-24 10:38 o.s.b.w.e.tomcat.TomcatWebServer-Tomcat initialized with port(s): 8080 (http)
2025-01-24 10:38 o.a.coyote.http11.Http11NioProtocol-Initializing ProtocolHandler ["http-nio-8080"]
2025-01-24 10:38 o.a.catalina.core.StandardService-Starting service [Tomcat]
2025-01-24 10:38 o.a.catalina.core.StandardEngine-Starting Servlet engine: [Apache Tomcat/9.0.74]
2025-01-24 10:38 o.a.c.c.C.[Tomcat].[localhost].[/]-Initializing Spring embedded WebApplicationContext
2025-01-24 10:38 o.s.b.w.s.c.ServletWebServerApplicationContext-Root WebApplicationContext: initialization completed in 977 ms
2025-01-24 10:38 o.s.b.w.s.c.AnnotationConfigServletWebServerApplicationContext-Exception encountered during context initialization - cancelling refresh attempt: org.springframework.beans.factory.UnsatisfiedDependencyException: Error creating bean with name 'dataSourceScriptDatabaseInitializer' defined in class path resource [org/springframework/boot/autoconfigure/sql/init/DataSourceInitializationConfiguration.class]: Unsatisfied dependency expressed through method 'dataSourceScriptDatabaseInitializer' parameter 0; nested exception is org.springframework.beans.factory.BeanCreationException: Error creating bean with name 'dataSource' defined in class path resource [org/springframework/boot/autoconfigure/jdbc/DataSourceConfiguration$Hikari.class]: Bean instantiation via factory method failed; nested exception is org.springframework.beans.BeanInstantiationException: Failed to instantiate [com.zaxxer.hikari.HikariDataSource]: Factory method 'dataSource' threw exception; nested exception is org.springframework.boot.autoconfigure.jdbc.DataSourceProperties$DataSourceBeanCreationException: Failed to determine a suitable driver class
2025-01-24 10:38 o.a.catalina.core.StandardService-Stopping service [Tomcat]
2025-01-24 10:38 o.s.b.a.l.ConditionEvaluationReportLoggingListener-

Error starting ApplicationContext. To display the conditions report re-run your application with 'debug' enabled.
2025-01-24 10:38 o.s.b.d.LoggingFailureAnalysisReporter-

***************************
APPLICATION FAILED TO START
***************************

Description:

Failed to configure a DataSource: 'url' attribute is not specified and no embedded datasource could be configured.

Reason: Failed to determine a suitable driver class


Action:

Consider the following:
	If you want an embedded database (H2, HSQL or Derby), please put it on the classpath.
	If you have database settings to be loaded from a particular profile you may need to activate it (the profiles prod are currently active).

2025-01-24 11:30 o.h.validator.internal.util.Version-HV000001: Hibernate Validator 6.2.5.Final
2025-01-24 11:30 com.example.board.BoardApplication-Starting BoardApplication using Java 11.0.25 on DESKTOP-JEE2860 with PID 22744 (C:\Users\Playdata\Downloads\board\board\board\build\classes\java\main started by Playdata in C:\Users\Playdata\Downloads\board\board\board)
2025-01-24 11:30 com.example.board.BoardApplication-The following 1 profile is active: "prod"
2025-01-24 11:30 o.s.d.r.c.RepositoryConfigurationDelegate-Bootstrapping Spring Data JPA repositories in DEFAULT mode.
2025-01-24 11:30 o.s.d.r.c.RepositoryConfigurationDelegate-Finished Spring Data repository scanning in 38 ms. Found 2 JPA repository interfaces.
2025-01-24 11:30 o.s.b.w.e.tomcat.TomcatWebServer-Tomcat initialized with port(s): 8080 (http)
2025-01-24 11:30 o.a.coyote.http11.Http11NioProtocol-Initializing ProtocolHandler ["http-nio-8080"]
2025-01-24 11:30 o.a.catalina.core.StandardService-Starting service [Tomcat]
2025-01-24 11:30 o.a.catalina.core.StandardEngine-Starting Servlet engine: [Apache Tomcat/9.0.74]
2025-01-24 11:30 o.a.c.c.C.[Tomcat].[localhost].[/]-Initializing Spring embedded WebApplicationContext
2025-01-24 11:30 o.s.b.w.s.c.ServletWebServerApplicationContext-Root WebApplicationContext: initialization completed in 1055 ms
2025-01-24 11:30 o.s.b.w.s.c.AnnotationConfigServletWebServerApplicationContext-Exception encountered during context initialization - cancelling refresh attempt: org.springframework.beans.factory.UnsatisfiedDependencyException: Error creating bean with name 'dataSourceScriptDatabaseInitializer' defined in class path resource [org/springframework/boot/autoconfigure/sql/init/DataSourceInitializationConfiguration.class]: Unsatisfied dependency expressed through method 'dataSourceScriptDatabaseInitializer' parameter 0; nested exception is org.springframework.beans.factory.BeanCreationException: Error creating bean with name 'dataSource' defined in class path resource [org/springframework/boot/autoconfigure/jdbc/DataSourceConfiguration$Hikari.class]: Bean instantiation via factory method failed; nested exception is org.springframework.beans.BeanInstantiationException: Failed to instantiate [com.zaxxer.hikari.HikariDataSource]: Factory method 'dataSource' threw exception; nested exception is org.springframework.boot.autoconfigure.jdbc.DataSourceProperties$DataSourceBeanCreationException: Failed to determine a suitable driver class
2025-01-24 11:30 o.a.catalina.core.StandardService-Stopping service [Tomcat]
2025-01-24 11:30 o.s.b.a.l.ConditionEvaluationReportLoggingListener-

Error starting ApplicationContext. To display the conditions report re-run your application with 'debug' enabled.
2025-01-24 11:30 o.s.b.d.LoggingFailureAnalysisReporter-

***************************
APPLICATION FAILED TO START
***************************

Description:

Failed to configure a DataSource: 'url' attribute is not specified and no embedded datasource could be configured.

Reason: Failed to determine a suitable driver class


Action:

Consider the following:
	If you want an embedded database (H2, HSQL or Derby), please put it on the classpath.
	If you have database settings to be loaded from a particular profile you may need to activate it (the profiles prod are currently active).

2025-01-24 11:52 o.h.validator.internal.util.Version-HV000001: Hibernate Validator 6.2.5.Final
2025-01-24 11:52 com.example.board.BoardApplication-Starting BoardApplication using Java 11.0.25 on DESKTOP-JEE2860 with PID 7216 (C:\Users\Playdata\Downloads\board\board\board\build\classes\java\main started by Playdata in C:\Users\Playdata\Downloads\board\board\board)
2025-01-24 11:52 com.example.board.BoardApplication-The following 1 profile is active: "prod"
2025-01-24 11:52 o.s.d.r.c.RepositoryConfigurationDelegate-Bootstrapping Spring Data JPA repositories in DEFAULT mode.
2025-01-24 11:52 o.s.d.r.c.RepositoryConfigurationDelegate-Finished Spring Data repository scanning in 36 ms. Found 2 JPA repository interfaces.
2025-01-24 11:52 o.s.b.w.e.tomcat.TomcatWebServer-Tomcat initialized with port(s): 8080 (http)
2025-01-24 11:52 o.a.coyote.http11.Http11NioProtocol-Initializing ProtocolHandler ["http-nio-8080"]
2025-01-24 11:52 o.a.catalina.core.StandardService-Starting service [Tomcat]
2025-01-24 11:52 o.a.catalina.core.StandardEngine-Starting Servlet engine: [Apache Tomcat/9.0.74]
2025-01-24 11:52 o.a.c.c.C.[Tomcat].[localhost].[/]-Initializing Spring embedded WebApplicationContext
2025-01-24 11:52 o.s.b.w.s.c.ServletWebServerApplicationContext-Root WebApplicationContext: initialization completed in 907 ms
2025-01-24 11:52 o.s.b.w.s.c.AnnotationConfigServletWebServerApplicationContext-Exception encountered during context initialization - cancelling refresh attempt: org.springframework.beans.factory.UnsatisfiedDependencyException: Error creating bean with name 'dataSourceScriptDatabaseInitializer' defined in class path resource [org/springframework/boot/autoconfigure/sql/init/DataSourceInitializationConfiguration.class]: Unsatisfied dependency expressed through method 'dataSourceScriptDatabaseInitializer' parameter 0; nested exception is org.springframework.beans.factory.BeanCreationException: Error creating bean with name 'dataSource' defined in class path resource [org/springframework/boot/autoconfigure/jdbc/DataSourceConfiguration$Hikari.class]: Bean instantiation via factory method failed; nested exception is org.springframework.beans.BeanInstantiationException: Failed to instantiate [com.zaxxer.hikari.HikariDataSource]: Factory method 'dataSource' threw exception; nested exception is org.springframework.boot.autoconfigure.jdbc.DataSourceProperties$DataSourceBeanCreationException: Failed to determine a suitable driver class
2025-01-24 11:52 o.a.catalina.core.StandardService-Stopping service [Tomcat]
2025-01-24 11:52 o.s.b.a.l.ConditionEvaluationReportLoggingListener-

Error starting ApplicationContext. To display the conditions report re-run your application with 'debug' enabled.
2025-01-24 11:52 o.s.b.d.LoggingFailureAnalysisReporter-

***************************
APPLICATION FAILED TO START
***************************

Description:

Failed to configure a DataSource: 'url' attribute is not specified and no embedded datasource could be configured.

Reason: Failed to determine a suitable driver class


Action:

Consider the following:
	If you want an embedded database (H2, HSQL or Derby), please put it on the classpath.
	If you have database settings to be loaded from a particular profile you may need to activate it (the profiles prod are currently active).

2025-01-24 11:53 o.h.validator.internal.util.Version-HV000001: Hibernate Validator 6.2.5.Final
2025-01-24 11:53 com.example.board.BoardApplication-Starting BoardApplication using Java 11.0.25 on DESKTOP-JEE2860 with PID 18676 (C:\Users\Playdata\Downloads\board\board\board\build\classes\java\main started by Playdata in C:\Users\Playdata\Downloads\board\board\board)
2025-01-24 11:53 com.example.board.BoardApplication-The following 1 profile is active: "prod"
2025-01-24 11:53 o.s.d.r.c.RepositoryConfigurationDelegate-Bootstrapping Spring Data JPA repositories in DEFAULT mode.
2025-01-24 11:53 o.s.d.r.c.RepositoryConfigurationDelegate-Finished Spring Data repository scanning in 38 ms. Found 2 JPA repository interfaces.
2025-01-24 11:53 o.s.b.w.e.tomcat.TomcatWebServer-Tomcat initialized with port(s): 8080 (http)
2025-01-24 11:53 o.a.coyote.http11.Http11NioProtocol-Initializing ProtocolHandler ["http-nio-8080"]
2025-01-24 11:53 o.a.catalina.core.StandardService-Starting service [Tomcat]
2025-01-24 11:53 o.a.catalina.core.StandardEngine-Starting Servlet engine: [Apache Tomcat/9.0.74]
2025-01-24 11:53 o.a.c.c.C.[Tomcat].[localhost].[/]-Initializing Spring embedded WebApplicationContext
2025-01-24 11:53 o.s.b.w.s.c.ServletWebServerApplicationContext-Root WebApplicationContext: initialization completed in 939 ms
2025-01-24 11:53 o.s.b.w.s.c.AnnotationConfigServletWebServerApplicationContext-Exception encountered during context initialization - cancelling refresh attempt: org.springframework.beans.factory.UnsatisfiedDependencyException: Error creating bean with name 'dataSourceScriptDatabaseInitializer' defined in class path resource [org/springframework/boot/autoconfigure/sql/init/DataSourceInitializationConfiguration.class]: Unsatisfied dependency expressed through method 'dataSourceScriptDatabaseInitializer' parameter 0; nested exception is org.springframework.beans.factory.BeanCreationException: Error creating bean with name 'dataSource' defined in class path resource [org/springframework/boot/autoconfigure/jdbc/DataSourceConfiguration$Hikari.class]: Bean instantiation via factory method failed; nested exception is org.springframework.beans.BeanInstantiationException: Failed to instantiate [com.zaxxer.hikari.HikariDataSource]: Factory method 'dataSource' threw exception; nested exception is org.springframework.boot.autoconfigure.jdbc.DataSourceProperties$DataSourceBeanCreationException: Failed to determine a suitable driver class
2025-01-24 11:53 o.a.catalina.core.StandardService-Stopping service [Tomcat]
2025-01-24 11:53 o.s.b.a.l.ConditionEvaluationReportLoggingListener-

Error starting ApplicationContext. To display the conditions report re-run your application with 'debug' enabled.
2025-01-24 11:53 o.s.b.d.LoggingFailureAnalysisReporter-

***************************
APPLICATION FAILED TO START
***************************

Description:

Failed to configure a DataSource: 'url' attribute is not specified and no embedded datasource could be configured.

Reason: Failed to determine a suitable driver class


Action:

Consider the following:
	If you want an embedded database (H2, HSQL or Derby), please put it on the classpath.
	If you have database settings to be loaded from a particular profile you may need to activate it (the profiles prod are currently active).

2025-01-24 12:09 com.example.board.BoardApplication-Starting BoardApplication using Java 11.0.25 on DESKTOP-JEE2860 with PID 14572 (C:\Users\Playdata\Downloads\board\board\board\build\classes\java\main started by Playdata in C:\Users\Playdata\Downloads\board\board\board)
2025-01-24 12:09 o.h.validator.internal.util.Version-HV000001: Hibernate Validator 6.2.5.Final
2025-01-24 12:09 com.example.board.BoardApplication-The following 1 profile is active: "prod"
2025-01-24 12:09 o.s.d.r.c.RepositoryConfigurationDelegate-Bootstrapping Spring Data JPA repositories in DEFAULT mode.
2025-01-24 12:09 o.s.d.r.c.RepositoryConfigurationDelegate-Finished Spring Data repository scanning in 33 ms. Found 2 JPA repository interfaces.
2025-01-24 12:09 o.s.b.w.e.tomcat.TomcatWebServer-Tomcat initialized with port(s): 8080 (http)
2025-01-24 12:09 o.a.coyote.http11.Http11NioProtocol-Initializing ProtocolHandler ["http-nio-8080"]
2025-01-24 12:09 o.a.catalina.core.StandardService-Starting service [Tomcat]
2025-01-24 12:09 o.a.catalina.core.StandardEngine-Starting Servlet engine: [Apache Tomcat/9.0.74]
2025-01-24 12:09 o.a.c.c.C.[Tomcat].[localhost].[/]-Initializing Spring embedded WebApplicationContext
2025-01-24 12:09 o.s.b.w.s.c.ServletWebServerApplicationContext-Root WebApplicationContext: initialization completed in 982 ms
2025-01-24 12:09 o.s.b.w.s.c.AnnotationConfigServletWebServerApplicationContext-Exception encountered during context initialization - cancelling refresh attempt: org.springframework.beans.factory.UnsatisfiedDependencyException: Error creating bean with name 'dataSourceScriptDatabaseInitializer' defined in class path resource [org/springframework/boot/autoconfigure/sql/init/DataSourceInitializationConfiguration.class]: Unsatisfied dependency expressed through method 'dataSourceScriptDatabaseInitializer' parameter 0; nested exception is org.springframework.beans.factory.BeanCreationException: Error creating bean with name 'dataSource' defined in class path resource [org/springframework/boot/autoconfigure/jdbc/DataSourceConfiguration$Hikari.class]: Bean instantiation via factory method failed; nested exception is org.springframework.beans.BeanInstantiationException: Failed to instantiate [com.zaxxer.hikari.HikariDataSource]: Factory method 'dataSource' threw exception; nested exception is org.springframework.boot.autoconfigure.jdbc.DataSourceProperties$DataSourceBeanCreationException: Failed to determine a suitable driver class
2025-01-24 12:09 o.a.catalina.core.StandardService-Stopping service [Tomcat]
2025-01-24 12:09 o.s.b.a.l.ConditionEvaluationReportLoggingListener-

Error starting ApplicationContext. To display the conditions report re-run your application with 'debug' enabled.
2025-01-24 12:09 o.s.b.d.LoggingFailureAnalysisReporter-

***************************
APPLICATION FAILED TO START
***************************

Description:

Failed to configure a DataSource: 'url' attribute is not specified and no embedded datasource could be configured.

Reason: Failed to determine a suitable driver class


Action:

Consider the following:
	If you want an embedded database (H2, HSQL or Derby), please put it on the classpath.
	If you have database settings to be loaded from a particular profile you may need to activate it (the profiles prod are currently active).

